<?xml version="1.0" encoding="UTF-8"?><testsuite errors="1" failures="0" name="org.example.features.login.Login" skipped="0" tests="1" time="9.5" timestamp="2023-05-20 07:13:50"><testcase classname="org.example.features.login.Login" name="Log in"><error message="Keys to send should be a not null CharSequence" type="java.lang.IllegalArgumentException">Keys to send should be a not null CharSequence</error><system-err>Keys to send should be a not null CharSequence&#13;
org.example.pages.LoginPage.fillUsername(LoginPage.java:21)&#13;
org.example.steps.serenity.LoginSteps.fillUsername(LoginSteps.java:13)&#13;
org.example.steps.serenity.LoginSteps.login(LoginSteps.java:26)&#13;
org.example.features.login.Login.logIn(Login.java:30)&#13;
worker.org.gradle.process.internal.worker.GradleWorkerMain.run(GradleWorkerMain.java:69)&#13;
worker.org.gradle.process.internal.worker.GradleWorkerMain.main(GradleWorkerMain.java:74)&#13;
</system-err></testcase></testsuite>